#! /c/Source/iverilog-install/bin/vvp
:ivl_version "12.0 (devel)" "(s20150603-1539-g2693dd32b)";
:ivl_delay_selection "TYPICAL";
:vpi_time_precision + 0;
:vpi_module "C:\iverilog\lib\ivl\system.vpi";
:vpi_module "C:\iverilog\lib\ivl\vhdl_sys.vpi";
:vpi_module "C:\iverilog\lib\ivl\vhdl_textio.vpi";
:vpi_module "C:\iverilog\lib\ivl\v2005_math.vpi";
:vpi_module "C:\iverilog\lib\ivl\va_math.vpi";
S_000001b37b192900 .scope module, "decoder_3x8" "decoder_3x8" 2 1;
 .timescale 0 0;
    .port_info 0 /INPUT 3 "in";
    .port_info 1 /OUTPUT 8 "out";
o000001b37b1c6fa8 .functor BUFZ 3, C4<zzz>; HiZ drive
v000001b37b192a90_0 .net "in", 2 0, o000001b37b1c6fa8;  0 drivers
v000001b37b192b30_0 .var "out", 7 0;
E_000001b37b2dc780 .event anyedge, v000001b37b192a90_0;
    .scope S_000001b37b192900;
T_0 ;
    %wait E_000001b37b2dc780;
    %load/vec4 v000001b37b192a90_0;
    %pad/u 32;
    %cmpi/e 0, 0, 32;
    %jmp/0xz  T_0.0, 4;
    %pushi/vec4 1, 0, 8;
    %store/vec4 v000001b37b192b30_0, 0, 8;
T_0.0 ;
    %load/vec4 v000001b37b192a90_0;
    %pad/u 32;
    %cmpi/e 1, 0, 32;
    %jmp/0xz  T_0.2, 4;
    %pushi/vec4 2, 0, 8;
    %store/vec4 v000001b37b192b30_0, 0, 8;
T_0.2 ;
    %load/vec4 v000001b37b192a90_0;
    %pad/u 32;
    %cmpi/e 2, 0, 32;
    %jmp/0xz  T_0.4, 4;
    %pushi/vec4 4, 0, 8;
    %store/vec4 v000001b37b192b30_0, 0, 8;
T_0.4 ;
    %load/vec4 v000001b37b192a90_0;
    %pad/u 32;
    %cmpi/e 3, 0, 32;
    %jmp/0xz  T_0.6, 4;
    %pushi/vec4 8, 0, 8;
    %store/vec4 v000001b37b192b30_0, 0, 8;
T_0.6 ;
    %load/vec4 v000001b37b192a90_0;
    %pad/u 32;
    %cmpi/e 4, 0, 32;
    %jmp/0xz  T_0.8, 4;
    %pushi/vec4 16, 0, 8;
    %store/vec4 v000001b37b192b30_0, 0, 8;
T_0.8 ;
    %load/vec4 v000001b37b192a90_0;
    %pad/u 32;
    %cmpi/e 5, 0, 32;
    %jmp/0xz  T_0.10, 4;
    %pushi/vec4 32, 0, 8;
    %store/vec4 v000001b37b192b30_0, 0, 8;
T_0.10 ;
    %load/vec4 v000001b37b192a90_0;
    %pad/u 32;
    %cmpi/e 6, 0, 32;
    %jmp/0xz  T_0.12, 4;
    %pushi/vec4 64, 0, 8;
    %store/vec4 v000001b37b192b30_0, 0, 8;
T_0.12 ;
    %load/vec4 v000001b37b192a90_0;
    %pad/u 32;
    %cmpi/e 7, 0, 32;
    %jmp/0xz  T_0.14, 4;
    %pushi/vec4 128, 0, 8;
    %store/vec4 v000001b37b192b30_0, 0, 8;
T_0.14 ;
    %jmp T_0;
    .thread T_0, $push;
# The file index is used to find the file name in the following table.
:file_names 3;
    "N/A";
    "<interactive>";
    "design.sv";
